2018-06-21 13:53:54,911 - server 73141 INFO  --start preprocessing data ...
2018-06-21 13:53:54,915 - server 73141 INFO  --input param check: columns with the null value ...
2018-06-21 13:53:54,915 - server 73141 INFO  []
2018-06-21 13:53:54,915 - server 73141 INFO  --predicting name is  王化楠
2018-06-21 13:53:54,915 - server 73141 INFO  --predicting idcard is  232128198711153410
2018-06-21 13:53:54,915 - server 73141 INFO  --predicting mobile is  18158114141
2018-06-21 13:53:54,916 - server 73141 INFO  --input param check finish.
2018-06-21 13:53:55,078 - server 73141 INFO  --preprocessing data finished.
2018-06-21 13:53:55,078 - server 73141 INFO  --start loading model ...
2018-06-21 13:53:55,107 - server 73141 INFO  --start calculate score ...
2018-06-21 13:53:55,108 - server 73141 INFO  model predict finished !
2018-06-21 13:53:55,111 - server 73141 INFO  score caculate finished !
2018-06-21 13:53:55,111 - server 73141 INFO  --calculate score finished.
2018-06-21 13:53:55,112 - server 73141 INFO  --predict success used time  204 ms.
2018-06-21 13:54:02,505 - server 73141 INFO  --start preprocessing data ...
2018-06-21 13:54:02,508 - server 73141 INFO  --input param check: columns with the null value ...
2018-06-21 13:54:02,508 - server 73141 INFO  []
2018-06-21 13:54:02,509 - server 73141 INFO  --predicting name is  王化楠
2018-06-21 13:54:02,509 - server 73141 INFO  --predicting idcard is  232128198711153410
2018-06-21 13:54:02,509 - server 73141 INFO  --predicting mobile is  18158114141
2018-06-21 13:54:02,510 - server 73141 INFO  --input param check finish.
2018-06-21 13:54:02,510 - server 73141 INFO  --preprocessing data finished.
2018-06-21 13:54:02,511 - server 73141 INFO  --start loading model ...
2018-06-21 13:54:02,521 - server 73141 INFO  --start calculate score ...
2018-06-21 13:54:02,522 - server 73141 INFO  model predict finished !
2018-06-21 13:54:02,525 - server 73141 INFO  score caculate finished !
2018-06-21 13:54:02,525 - server 73141 INFO  --calculate score finished.
2018-06-21 13:54:02,526 - server 73141 INFO  --predict success used time  24 ms.
